# Error: Already exists (68)
dn: ou=students,ou=people,dc=hs-esslingen,dc=de
changetype: add
objectClass: organizationalUnit
objectClass: top
ou: students

# Error: Already exists (68)
dn: cn=XXXXit00,ou=students,ou=people,dc=hs-esslingen,dc=de
changetype: add
givenName: Not configured
sn: Not configured
userPassword: ezsiscool
mail: Not configured
objectClass: inetOrgPerson
objectClass: organizationalPerson
objectClass: person
objectClass: top
objectClass: pwmUser
memberof: cn= ezsgroup1,ou=groups,dc=hs-esslingen,dc=de
uid: XXXXit00
cn: XXXXit00

# Error: Already exists (68)
dn: cn= YYYYit00,ou=students,ou=people,dc=hs-esslingen,dc=de
changetype: add
givenName: Not configured
sn: Not configured
userPassword: ezsiscool
mail: Not configured
objectClass: inetOrgPerson
objectClass: organizationalPerson
objectClass: person
objectClass: top
objectClass: pwmUser
memberof: cn= ezsgroup1,ou=groups,dc=hs-esslingen,dc=de
uid:  YYYYit00
cn:  YYYYit00

# Error: Already exists (68)
dn: cn=tomuit00,ou=students,ou=people,dc=hs-esslingen,dc=de
changetype: add
givenName: Not configured
sn: Not configured
userPassword: ezsiscool
mail: Not configured
objectClass: inetOrgPerson
objectClass: organizationalPerson
objectClass: person
objectClass: top
objectClass: pwmUser
memberof: cn= ezsgroup2,ou=groups,dc=hs-esslingen,dc=de
uid: tomuit00
cn: tomuit00

# Error: Already exists (68)
dn: cn= febiit00,ou=students,ou=people,dc=hs-esslingen,dc=de
changetype: add
givenName: Not configured
sn: Not configured
userPassword: ezsiscool
mail: Not configured
objectClass: inetOrgPerson
objectClass: organizationalPerson
objectClass: person
objectClass: top
objectClass: pwmUser
memberof: cn= ezsgroup2,ou=groups,dc=hs-esslingen,dc=de
uid:  febiit00
cn:  febiit00

# Error: Already exists (68)
dn: cn=chhait07,ou=students,ou=people,dc=hs-esslingen,dc=de
changetype: add
givenName: Not configured
sn: Not configured
userPassword: ezsiscool
mail: Not configured
objectClass: inetOrgPerson
objectClass: organizationalPerson
objectClass: person
objectClass: top
objectClass: pwmUser
memberof: cn= ezsgroup3,ou=groups,dc=hs-esslingen,dc=de
uid: chhait07
cn: chhait07

# Error: Already exists (68)
dn: cn= jomait03,ou=students,ou=people,dc=hs-esslingen,dc=de
changetype: add
givenName: Not configured
sn: Not configured
userPassword: ezsiscool
mail: Not configured
objectClass: inetOrgPerson
objectClass: organizationalPerson
objectClass: person
objectClass: top
objectClass: pwmUser
memberof: cn= ezsgroup3,ou=groups,dc=hs-esslingen,dc=de
uid:  jomait03
cn:  jomait03

# Error: Already exists (68)
dn: cn=wolait01,ou=students,ou=people,dc=hs-esslingen,dc=de
changetype: add
givenName: Not configured
sn: Not configured
userPassword: ezsiscool
mail: Not configured
objectClass: inetOrgPerson
objectClass: organizationalPerson
objectClass: person
objectClass: top
objectClass: pwmUser
memberof: cn= ezsgroup4,ou=groups,dc=hs-esslingen,dc=de
uid: wolait01
cn: wolait01

# Error: Already exists (68)
dn: cn= toscit07,ou=students,ou=people,dc=hs-esslingen,dc=de
changetype: add
givenName: Not configured
sn: Not configured
userPassword: ezsiscool
mail: Not configured
objectClass: inetOrgPerson
objectClass: organizationalPerson
objectClass: person
objectClass: top
objectClass: pwmUser
memberof: cn= ezsgroup4,ou=groups,dc=hs-esslingen,dc=de
uid:  toscit07
cn:  toscit07

# Error: Already exists (68)
dn: cn=papait02,ou=students,ou=people,dc=hs-esslingen,dc=de
changetype: add
givenName: Not configured
sn: Not configured
userPassword: ezsiscool
mail: Not configured
objectClass: inetOrgPerson
objectClass: organizationalPerson
objectClass: person
objectClass: top
objectClass: pwmUser
memberof: cn= ezsgroup5,ou=groups,dc=hs-esslingen,dc=de
uid: papait02
cn: papait02

# Error: Already exists (68)
dn: cn= dahait05,ou=students,ou=people,dc=hs-esslingen,dc=de
changetype: add
givenName: Not configured
sn: Not configured
userPassword: ezsiscool
mail: Not configured
objectClass: inetOrgPerson
objectClass: organizationalPerson
objectClass: person
objectClass: top
objectClass: pwmUser
memberof: cn= ezsgroup5,ou=groups,dc=hs-esslingen,dc=de
uid:  dahait05
cn:  dahait05

# Error: Already exists (68)
dn: cn=ropeme00,ou=students,ou=people,dc=hs-esslingen,dc=de
changetype: add
givenName: Not configured
sn: Not configured
userPassword: ezsiscool
mail: Not configured
objectClass: inetOrgPerson
objectClass: organizationalPerson
objectClass: person
objectClass: top
objectClass: pwmUser
memberof: cn= ezsgroup6,ou=groups,dc=hs-esslingen,dc=de
uid: ropeme00
cn: ropeme00

# Error: Already exists (68)
dn: cn= anvait00,ou=students,ou=people,dc=hs-esslingen,dc=de
changetype: add
givenName: Not configured
sn: Not configured
userPassword: ezsiscool
mail: Not configured
objectClass: inetOrgPerson
objectClass: organizationalPerson
objectClass: person
objectClass: top
objectClass: pwmUser
memberof: cn= ezsgroup6,ou=groups,dc=hs-esslingen,dc=de
uid:  anvait00
cn:  anvait00

# Error: Already exists (68)
dn: cn=makait10,ou=students,ou=people,dc=hs-esslingen,dc=de
changetype: add
givenName: Not configured
sn: Not configured
userPassword: ezsiscool
mail: Not configured
objectClass: inetOrgPerson
objectClass: organizationalPerson
objectClass: person
objectClass: top
objectClass: pwmUser
memberof: cn= ezsgroup7,ou=groups,dc=hs-esslingen,dc=de
uid: makait10
cn: makait10

# Error: Already exists (68)
dn: cn= roruit00,ou=students,ou=people,dc=hs-esslingen,dc=de
changetype: add
givenName: Not configured
sn: Not configured
userPassword: ezsiscool
mail: Not configured
objectClass: inetOrgPerson
objectClass: organizationalPerson
objectClass: person
objectClass: top
objectClass: pwmUser
memberof: cn= ezsgroup7,ou=groups,dc=hs-esslingen,dc=de
uid:  roruit00
cn:  roruit00

# Error: Already exists (68)
dn: cn= ciheit00,ou=students,ou=people,dc=hs-esslingen,dc=de
changetype: add
givenName: Not configured
sn: Not configured
userPassword: ezsiscool
mail: Not configured
objectClass: inetOrgPerson
objectClass: organizationalPerson
objectClass: person
objectClass: top
objectClass: pwmUser
memberof: cn= ezsgroup7,ou=groups,dc=hs-esslingen,dc=de
uid:  ciheit00
cn:  ciheit00

# Error: Already exists (68)
dn: cn=ullait00,ou=students,ou=people,dc=hs-esslingen,dc=de
changetype: add
givenName: Not configured
sn: Not configured
userPassword: ezsiscool
mail: Not configured
objectClass: inetOrgPerson
objectClass: organizationalPerson
objectClass: person
objectClass: top
objectClass: pwmUser
memberof: cn= ezsgroup8,ou=groups,dc=hs-esslingen,dc=de
uid: ullait00
cn: ullait00

# Error: Already exists (68)
dn: cn= frbait02,ou=students,ou=people,dc=hs-esslingen,dc=de
changetype: add
givenName: Not configured
sn: Not configured
userPassword: ezsiscool
mail: Not configured
objectClass: inetOrgPerson
objectClass: organizationalPerson
objectClass: person
objectClass: top
objectClass: pwmUser
memberof: cn= ezsgroup8,ou=groups,dc=hs-esslingen,dc=de
uid:  frbait02
cn:  frbait02

# Error: Already exists (68)
dn: cn= lugait00,ou=students,ou=people,dc=hs-esslingen,dc=de
changetype: add
givenName: Not configured
sn: Not configured
userPassword: ezsiscool
mail: Not configured
objectClass: inetOrgPerson
objectClass: organizationalPerson
objectClass: person
objectClass: top
objectClass: pwmUser
memberof: cn= ezsgroup8,ou=groups,dc=hs-esslingen,dc=de
uid:  lugait00
cn:  lugait00

# Error: Already exists (68)
dn: cn=pamuit01,ou=students,ou=people,dc=hs-esslingen,dc=de
changetype: add
givenName: Not configured
sn: Not configured
userPassword: ezsiscool
mail: Not configured
objectClass: inetOrgPerson
objectClass: organizationalPerson
objectClass: person
objectClass: top
objectClass: pwmUser
memberof: cn= ezsgroup9,ou=groups,dc=hs-esslingen,dc=de
uid: pamuit01
cn: pamuit01

# Error: Already exists (68)
dn: cn= jumait03,ou=students,ou=people,dc=hs-esslingen,dc=de
changetype: add
givenName: Not configured
sn: Not configured
userPassword: ezsiscool
mail: Not configured
objectClass: inetOrgPerson
objectClass: organizationalPerson
objectClass: person
objectClass: top
objectClass: pwmUser
memberof: cn= ezsgroup9,ou=groups,dc=hs-esslingen,dc=de
uid:  jumait03
cn:  jumait03

# Error: Already exists (68)
dn: cn=singit00,ou=students,ou=people,dc=hs-esslingen,dc=de
changetype: add
givenName: Not configured
sn: Not configured
userPassword: ezsiscool
mail: Not configured
objectClass: inetOrgPerson
objectClass: organizationalPerson
objectClass: person
objectClass: top
objectClass: pwmUser
memberof: cn= ezsgroup10,ou=groups,dc=hs-esslingen,dc=de
uid: singit00
cn: singit00

# Error: Already exists (68)
dn: cn= ondeit00,ou=students,ou=people,dc=hs-esslingen,dc=de
changetype: add
givenName: Not configured
sn: Not configured
userPassword: ezsiscool
mail: Not configured
objectClass: inetOrgPerson
objectClass: organizationalPerson
objectClass: person
objectClass: top
objectClass: pwmUser
memberof: cn= ezsgroup10,ou=groups,dc=hs-esslingen,dc=de
uid:  ondeit00
cn:  ondeit00

# Error: Already exists (68)
dn: cn= hiasit00,ou=students,ou=people,dc=hs-esslingen,dc=de
changetype: add
givenName: Not configured
sn: Not configured
userPassword: ezsiscool
mail: Not configured
objectClass: inetOrgPerson
objectClass: organizationalPerson
objectClass: person
objectClass: top
objectClass: pwmUser
memberof: cn= ezsgroup10,ou=groups,dc=hs-esslingen,dc=de
uid:  hiasit00
cn:  hiasit00

# Error: Already exists (68)
dn: cn=clboit00,ou=students,ou=people,dc=hs-esslingen,dc=de
changetype: add
givenName: Not configured
sn: Not configured
userPassword: ezsiscool
mail: Not configured
objectClass: inetOrgPerson
objectClass: organizationalPerson
objectClass: person
objectClass: top
objectClass: pwmUser
memberof: cn= ezsgroup11,ou=groups,dc=hs-esslingen,dc=de
uid: clboit00
cn: clboit00

# Error: Already exists (68)
dn: cn= almait05,ou=students,ou=people,dc=hs-esslingen,dc=de
changetype: add
givenName: Not configured
sn: Not configured
userPassword: ezsiscool
mail: Not configured
objectClass: inetOrgPerson
objectClass: organizationalPerson
objectClass: person
objectClass: top
objectClass: pwmUser
memberof: cn= ezsgroup11,ou=groups,dc=hs-esslingen,dc=de
uid:  almait05
cn:  almait05

# Error: Already exists (68)
dn: cn=tojait02,ou=students,ou=people,dc=hs-esslingen,dc=de
changetype: add
givenName: Not configured
sn: Not configured
userPassword: ezsiscool
mail: Not configured
objectClass: inetOrgPerson
objectClass: organizationalPerson
objectClass: person
objectClass: top
objectClass: pwmUser
memberof: cn= ezsgroup12,ou=groups,dc=hs-esslingen,dc=de
uid: tojait02
cn: tojait02

# Error: Already exists (68)
dn: cn= reduit00,ou=students,ou=people,dc=hs-esslingen,dc=de
changetype: add
givenName: Not configured
sn: Not configured
userPassword: ezsiscool
mail: Not configured
objectClass: inetOrgPerson
objectClass: organizationalPerson
objectClass: person
objectClass: top
objectClass: pwmUser
memberof: cn= ezsgroup12,ou=groups,dc=hs-esslingen,dc=de
uid:  reduit00
cn:  reduit00

# Error: Already exists (68)
dn: cn=alkait01,ou=students,ou=people,dc=hs-esslingen,dc=de
changetype: add
givenName: Not configured
sn: Not configured
userPassword: ezsiscool
mail: Not configured
objectClass: inetOrgPerson
objectClass: organizationalPerson
objectClass: person
objectClass: top
objectClass: pwmUser
memberof: cn= ezsgroup13,ou=groups,dc=hs-esslingen,dc=de
uid: alkait01
cn: alkait01

# Error: Already exists (68)
dn: cn= sekeit00,ou=students,ou=people,dc=hs-esslingen,dc=de
changetype: add
givenName: Not configured
sn: Not configured
userPassword: ezsiscool
mail: Not configured
objectClass: inetOrgPerson
objectClass: organizationalPerson
objectClass: person
objectClass: top
objectClass: pwmUser
memberof: cn= ezsgroup13,ou=groups,dc=hs-esslingen,dc=de
uid:  sekeit00
cn:  sekeit00

# Error: Already exists (68)
dn: cn=XXXXit00,ou=students,ou=people,dc=hs-esslingen,dc=de
changetype: add
givenName: Not configured
sn: Not configured
userPassword: ezsiscool
mail: Not configured
objectClass: inetOrgPerson
objectClass: organizationalPerson
objectClass: person
objectClass: top
objectClass: pwmUser
memberof: cn= ezsgroup14,ou=groups,dc=hs-esslingen,dc=de
uid: XXXXit00
cn: XXXXit00

# Error: Already exists (68)
dn: cn= YYYYit00,ou=students,ou=people,dc=hs-esslingen,dc=de
changetype: add
givenName: Not configured
sn: Not configured
userPassword: ezsiscool
mail: Not configured
objectClass: inetOrgPerson
objectClass: organizationalPerson
objectClass: person
objectClass: top
objectClass: pwmUser
memberof: cn= ezsgroup14,ou=groups,dc=hs-esslingen,dc=de
uid:  YYYYit00
cn:  YYYYit00

# Error: Already exists (68)
dn: cn=XXXXit00,ou=students,ou=people,dc=hs-esslingen,dc=de
changetype: add
givenName: Not configured
sn: Not configured
userPassword: ezsiscool
mail: Not configured
objectClass: inetOrgPerson
objectClass: organizationalPerson
objectClass: person
objectClass: top
objectClass: pwmUser
memberof: cn= ezsgroup15,ou=groups,dc=hs-esslingen,dc=de
uid: XXXXit00
cn: XXXXit00

# Error: Already exists (68)
dn: cn= YYYYit00,ou=students,ou=people,dc=hs-esslingen,dc=de
changetype: add
givenName: Not configured
sn: Not configured
userPassword: ezsiscool
mail: Not configured
objectClass: inetOrgPerson
objectClass: organizationalPerson
objectClass: person
objectClass: top
objectClass: pwmUser
memberof: cn= ezsgroup15,ou=groups,dc=hs-esslingen,dc=de
uid:  YYYYit00
cn:  YYYYit00

# Error: Already exists (68)
dn: cn=XXXXit00,ou=students,ou=people,dc=hs-esslingen,dc=de
changetype: add
givenName: Not configured
sn: Not configured
userPassword: ezsiscool
mail: Not configured
objectClass: inetOrgPerson
objectClass: organizationalPerson
objectClass: person
objectClass: top
objectClass: pwmUser
memberof: cn= ezsgroup16,ou=groups,dc=hs-esslingen,dc=de
uid: XXXXit00
cn: XXXXit00

# Error: Already exists (68)
dn: cn= YYYYit00,ou=students,ou=people,dc=hs-esslingen,dc=de
changetype: add
givenName: Not configured
sn: Not configured
userPassword: ezsiscool
mail: Not configured
objectClass: inetOrgPerson
objectClass: organizationalPerson
objectClass: person
objectClass: top
objectClass: pwmUser
memberof: cn= ezsgroup16,ou=groups,dc=hs-esslingen,dc=de
uid:  YYYYit00
cn:  YYYYit00

# Error: Already exists (68)
dn: cn=XXXXit00,ou=students,ou=people,dc=hs-esslingen,dc=de
changetype: add
givenName: Not configured
sn: Not configured
userPassword: ezsiscool
mail: Not configured
objectClass: inetOrgPerson
objectClass: organizationalPerson
objectClass: person
objectClass: top
objectClass: pwmUser
memberof: cn= ezsgroup17,ou=groups,dc=hs-esslingen,dc=de
uid: XXXXit00
cn: XXXXit00

# Error: Already exists (68)
dn: cn= YYYYit00,ou=students,ou=people,dc=hs-esslingen,dc=de
changetype: add
givenName: Not configured
sn: Not configured
userPassword: ezsiscool
mail: Not configured
objectClass: inetOrgPerson
objectClass: organizationalPerson
objectClass: person
objectClass: top
objectClass: pwmUser
memberof: cn= ezsgroup17,ou=groups,dc=hs-esslingen,dc=de
uid:  YYYYit00
cn:  YYYYit00

# Error: Already exists (68)
dn: cn=XXXXit00,ou=students,ou=people,dc=hs-esslingen,dc=de
changetype: add
givenName: Not configured
sn: Not configured
userPassword: ezsiscool
mail: Not configured
objectClass: inetOrgPerson
objectClass: organizationalPerson
objectClass: person
objectClass: top
objectClass: pwmUser
memberof: cn= ezsgroup18,ou=groups,dc=hs-esslingen,dc=de
uid: XXXXit00
cn: XXXXit00

# Error: Already exists (68)
dn: cn= YYYYit00,ou=students,ou=people,dc=hs-esslingen,dc=de
changetype: add
givenName: Not configured
sn: Not configured
userPassword: ezsiscool
mail: Not configured
objectClass: inetOrgPerson
objectClass: organizationalPerson
objectClass: person
objectClass: top
objectClass: pwmUser
memberof: cn= ezsgroup18,ou=groups,dc=hs-esslingen,dc=de
uid:  YYYYit00
cn:  YYYYit00

# Error: Already exists (68)
dn: cn=XXXXit00,ou=students,ou=people,dc=hs-esslingen,dc=de
changetype: add
givenName: Not configured
sn: Not configured
userPassword: ezsiscool
mail: Not configured
objectClass: inetOrgPerson
objectClass: organizationalPerson
objectClass: person
objectClass: top
objectClass: pwmUser
memberof: cn= ezsgroup19,ou=groups,dc=hs-esslingen,dc=de
uid: XXXXit00
cn: XXXXit00

# Error: Already exists (68)
dn: cn= YYYYit00,ou=students,ou=people,dc=hs-esslingen,dc=de
changetype: add
givenName: Not configured
sn: Not configured
userPassword: ezsiscool
mail: Not configured
objectClass: inetOrgPerson
objectClass: organizationalPerson
objectClass: person
objectClass: top
objectClass: pwmUser
memberof: cn= ezsgroup19,ou=groups,dc=hs-esslingen,dc=de
uid:  YYYYit00
cn:  YYYYit00

# Error: Already exists (68)
dn: cn=XXXXit00,ou=students,ou=people,dc=hs-esslingen,dc=de
changetype: add
givenName: Not configured
sn: Not configured
userPassword: ezsiscool
mail: Not configured
objectClass: inetOrgPerson
objectClass: organizationalPerson
objectClass: person
objectClass: top
objectClass: pwmUser
memberof: cn= ezsgroup20,ou=groups,dc=hs-esslingen,dc=de
uid: XXXXit00
cn: XXXXit00

# Error: Already exists (68)
dn: cn= YYYYit00,ou=students,ou=people,dc=hs-esslingen,dc=de
changetype: add
givenName: Not configured
sn: Not configured
userPassword: ezsiscool
mail: Not configured
objectClass: inetOrgPerson
objectClass: organizationalPerson
objectClass: person
objectClass: top
objectClass: pwmUser
memberof: cn= ezsgroup20,ou=groups,dc=hs-esslingen,dc=de
uid:  YYYYit00
cn:  YYYYit00

# Error: Already exists (68)
dn: cn=XXXXit00,ou=students,ou=people,dc=hs-esslingen,dc=de
changetype: add
givenName: Not configured
sn: Not configured
userPassword: ezsiscool
mail: Not configured
objectClass: inetOrgPerson
objectClass: organizationalPerson
objectClass: person
objectClass: top
objectClass: pwmUser
memberof: cn= ezsgroup21,ou=groups,dc=hs-esslingen,dc=de
uid: XXXXit00
cn: XXXXit00

# Error: Already exists (68)
dn: cn= YYYYit00,ou=students,ou=people,dc=hs-esslingen,dc=de
changetype: add
givenName: Not configured
sn: Not configured
userPassword: ezsiscool
mail: Not configured
objectClass: inetOrgPerson
objectClass: organizationalPerson
objectClass: person
objectClass: top
objectClass: pwmUser
memberof: cn= ezsgroup21,ou=groups,dc=hs-esslingen,dc=de
uid:  YYYYit00
cn:  YYYYit00

# Error: Already exists (68)
dn: cn=XXXXit00,ou=students,ou=people,dc=hs-esslingen,dc=de
changetype: add
givenName: Not configured
sn: Not configured
userPassword: ezsiscool
mail: Not configured
objectClass: inetOrgPerson
objectClass: organizationalPerson
objectClass: person
objectClass: top
objectClass: pwmUser
memberof: cn= ezsgroup22,ou=groups,dc=hs-esslingen,dc=de
uid: XXXXit00
cn: XXXXit00

# Error: Already exists (68)
dn: cn= YYYYit00,ou=students,ou=people,dc=hs-esslingen,dc=de
changetype: add
givenName: Not configured
sn: Not configured
userPassword: ezsiscool
mail: Not configured
objectClass: inetOrgPerson
objectClass: organizationalPerson
objectClass: person
objectClass: top
objectClass: pwmUser
memberof: cn= ezsgroup22,ou=groups,dc=hs-esslingen,dc=de
uid:  YYYYit00
cn:  YYYYit00

# Error: Already exists (68)
dn: cn=XXXXit00,ou=students,ou=people,dc=hs-esslingen,dc=de
changetype: add
givenName: Not configured
sn: Not configured
userPassword: ezsiscool
mail: Not configured
objectClass: inetOrgPerson
objectClass: organizationalPerson
objectClass: person
objectClass: top
objectClass: pwmUser
memberof: cn= ezsgroup23,ou=groups,dc=hs-esslingen,dc=de
uid: XXXXit00
cn: XXXXit00

# Error: Already exists (68)
dn: cn= YYYYit00,ou=students,ou=people,dc=hs-esslingen,dc=de
changetype: add
givenName: Not configured
sn: Not configured
userPassword: ezsiscool
mail: Not configured
objectClass: inetOrgPerson
objectClass: organizationalPerson
objectClass: person
objectClass: top
objectClass: pwmUser
memberof: cn= ezsgroup23,ou=groups,dc=hs-esslingen,dc=de
uid:  YYYYit00
cn:  YYYYit00

# Error: Already exists (68)
dn: cn=XXXXit00,ou=students,ou=people,dc=hs-esslingen,dc=de
changetype: add
givenName: Not configured
sn: Not configured
userPassword: ezsiscool
mail: Not configured
objectClass: inetOrgPerson
objectClass: organizationalPerson
objectClass: person
objectClass: top
objectClass: pwmUser
memberof: cn= ezsgroup24,ou=groups,dc=hs-esslingen,dc=de
uid: XXXXit00
cn: XXXXit00

# Error: Already exists (68)
dn: cn= YYYYit00,ou=students,ou=people,dc=hs-esslingen,dc=de
changetype: add
givenName: Not configured
sn: Not configured
userPassword: ezsiscool
mail: Not configured
objectClass: inetOrgPerson
objectClass: organizationalPerson
objectClass: person
objectClass: top
objectClass: pwmUser
memberof: cn= ezsgroup24,ou=groups,dc=hs-esslingen,dc=de
uid:  YYYYit00
cn:  YYYYit00

# Error: Already exists (68)
dn: cn=XXXXit00,ou=students,ou=people,dc=hs-esslingen,dc=de
changetype: add
givenName: Not configured
sn: Not configured
userPassword: ezsiscool
mail: Not configured
objectClass: inetOrgPerson
objectClass: organizationalPerson
objectClass: person
objectClass: top
objectClass: pwmUser
memberof: cn= ezsgroup25,ou=groups,dc=hs-esslingen,dc=de
uid: XXXXit00
cn: XXXXit00

# Error: Already exists (68)
dn: cn= YYYYit00,ou=students,ou=people,dc=hs-esslingen,dc=de
changetype: add
givenName: Not configured
sn: Not configured
userPassword: ezsiscool
mail: Not configured
objectClass: inetOrgPerson
objectClass: organizationalPerson
objectClass: person
objectClass: top
objectClass: pwmUser
memberof: cn= ezsgroup25,ou=groups,dc=hs-esslingen,dc=de
uid:  YYYYit00
cn:  YYYYit00

# Error: Already exists (68)
dn: cn=XXXXit00,ou=students,ou=people,dc=hs-esslingen,dc=de
changetype: add
givenName: Not configured
sn: Not configured
userPassword: ezsiscool
mail: Not configured
objectClass: inetOrgPerson
objectClass: organizationalPerson
objectClass: person
objectClass: top
objectClass: pwmUser
memberof: cn= sagroup1,ou=groups,dc=hs-esslingen,dc=de
uid: XXXXit00
cn: XXXXit00

# Error: Already exists (68)
dn: cn= YYYYit00,ou=students,ou=people,dc=hs-esslingen,dc=de
changetype: add
givenName: Not configured
sn: Not configured
userPassword: ezsiscool
mail: Not configured
objectClass: inetOrgPerson
objectClass: organizationalPerson
objectClass: person
objectClass: top
objectClass: pwmUser
memberof: cn= sagroup1,ou=groups,dc=hs-esslingen,dc=de
uid:  YYYYit00
cn:  YYYYit00

# Error: Already exists (68)
dn: cn=tomuit00,ou=students,ou=people,dc=hs-esslingen,dc=de
changetype: add
givenName: Not configured
sn: Not configured
userPassword: ezsiscool
mail: Not configured
objectClass: inetOrgPerson
objectClass: organizationalPerson
objectClass: person
objectClass: top
objectClass: pwmUser
memberof: cn= sagroup2,ou=groups,dc=hs-esslingen,dc=de
uid: tomuit00
cn: tomuit00

# Error: Already exists (68)
dn: cn= febiit00,ou=students,ou=people,dc=hs-esslingen,dc=de
changetype: add
givenName: Not configured
sn: Not configured
userPassword: ezsiscool
mail: Not configured
objectClass: inetOrgPerson
objectClass: organizationalPerson
objectClass: person
objectClass: top
objectClass: pwmUser
memberof: cn= sagroup2,ou=groups,dc=hs-esslingen,dc=de
uid:  febiit00
cn:  febiit00

# Error: Already exists (68)
dn: cn=chhait07,ou=students,ou=people,dc=hs-esslingen,dc=de
changetype: add
givenName: Not configured
sn: Not configured
userPassword: ezsiscool
mail: Not configured
objectClass: inetOrgPerson
objectClass: organizationalPerson
objectClass: person
objectClass: top
objectClass: pwmUser
memberof: cn= sagroup3,ou=groups,dc=hs-esslingen,dc=de
uid: chhait07
cn: chhait07

# Error: Already exists (68)
dn: cn= jomait03,ou=students,ou=people,dc=hs-esslingen,dc=de
changetype: add
givenName: Not configured
sn: Not configured
userPassword: ezsiscool
mail: Not configured
objectClass: inetOrgPerson
objectClass: organizationalPerson
objectClass: person
objectClass: top
objectClass: pwmUser
memberof: cn= sagroup3,ou=groups,dc=hs-esslingen,dc=de
uid:  jomait03
cn:  jomait03

# Error: Already exists (68)
dn: cn=wolait01,ou=students,ou=people,dc=hs-esslingen,dc=de
changetype: add
givenName: Not configured
sn: Not configured
userPassword: ezsiscool
mail: Not configured
objectClass: inetOrgPerson
objectClass: organizationalPerson
objectClass: person
objectClass: top
objectClass: pwmUser
memberof: cn= sagroup4,ou=groups,dc=hs-esslingen,dc=de
uid: wolait01
cn: wolait01

# Error: Already exists (68)
dn: cn= toscit07,ou=students,ou=people,dc=hs-esslingen,dc=de
changetype: add
givenName: Not configured
sn: Not configured
userPassword: ezsiscool
mail: Not configured
objectClass: inetOrgPerson
objectClass: organizationalPerson
objectClass: person
objectClass: top
objectClass: pwmUser
memberof: cn= sagroup4,ou=groups,dc=hs-esslingen,dc=de
uid:  toscit07
cn:  toscit07

# Error: Already exists (68)
dn: cn=papait02,ou=students,ou=people,dc=hs-esslingen,dc=de
changetype: add
givenName: Not configured
sn: Not configured
userPassword: ezsiscool
mail: Not configured
objectClass: inetOrgPerson
objectClass: organizationalPerson
objectClass: person
objectClass: top
objectClass: pwmUser
memberof: cn= sagroup5,ou=groups,dc=hs-esslingen,dc=de
uid: papait02
cn: papait02

# Error: Already exists (68)
dn: cn= dahait05,ou=students,ou=people,dc=hs-esslingen,dc=de
changetype: add
givenName: Not configured
sn: Not configured
userPassword: ezsiscool
mail: Not configured
objectClass: inetOrgPerson
objectClass: organizationalPerson
objectClass: person
objectClass: top
objectClass: pwmUser
memberof: cn= sagroup5,ou=groups,dc=hs-esslingen,dc=de
uid:  dahait05
cn:  dahait05

# Error: Already exists (68)
dn: cn=ropeme00,ou=students,ou=people,dc=hs-esslingen,dc=de
changetype: add
givenName: Not configured
sn: Not configured
userPassword: ezsiscool
mail: Not configured
objectClass: inetOrgPerson
objectClass: organizationalPerson
objectClass: person
objectClass: top
objectClass: pwmUser
memberof: cn= sagroup6,ou=groups,dc=hs-esslingen,dc=de
uid: ropeme00
cn: ropeme00

# Error: Already exists (68)
dn: cn=makait10,ou=students,ou=people,dc=hs-esslingen,dc=de
changetype: add
givenName: Not configured
sn: Not configured
userPassword: ezsiscool
mail: Not configured
objectClass: inetOrgPerson
objectClass: organizationalPerson
objectClass: person
objectClass: top
objectClass: pwmUser
memberof: cn= sagroup7,ou=groups,dc=hs-esslingen,dc=de
uid: makait10
cn: makait10

# Error: Already exists (68)
dn: cn= roruit00,ou=students,ou=people,dc=hs-esslingen,dc=de
changetype: add
givenName: Not configured
sn: Not configured
userPassword: ezsiscool
mail: Not configured
objectClass: inetOrgPerson
objectClass: organizationalPerson
objectClass: person
objectClass: top
objectClass: pwmUser
memberof: cn= sagroup7,ou=groups,dc=hs-esslingen,dc=de
uid:  roruit00
cn:  roruit00

# Error: Already exists (68)
dn: cn= ciheit00,ou=students,ou=people,dc=hs-esslingen,dc=de
changetype: add
givenName: Not configured
sn: Not configured
userPassword: ezsiscool
mail: Not configured
objectClass: inetOrgPerson
objectClass: organizationalPerson
objectClass: person
objectClass: top
objectClass: pwmUser
memberof: cn= sagroup7,ou=groups,dc=hs-esslingen,dc=de
uid:  ciheit00
cn:  ciheit00

# Error: Already exists (68)
dn: cn=ullait00,ou=students,ou=people,dc=hs-esslingen,dc=de
changetype: add
givenName: Not configured
sn: Not configured
userPassword: ezsiscool
mail: Not configured
objectClass: inetOrgPerson
objectClass: organizationalPerson
objectClass: person
objectClass: top
objectClass: pwmUser
memberof: cn= sagroup8,ou=groups,dc=hs-esslingen,dc=de
uid: ullait00
cn: ullait00

# Error: Already exists (68)
dn: cn= frbait02,ou=students,ou=people,dc=hs-esslingen,dc=de
changetype: add
givenName: Not configured
sn: Not configured
userPassword: ezsiscool
mail: Not configured
objectClass: inetOrgPerson
objectClass: organizationalPerson
objectClass: person
objectClass: top
objectClass: pwmUser
memberof: cn= sagroup8,ou=groups,dc=hs-esslingen,dc=de
uid:  frbait02
cn:  frbait02

# Error: Already exists (68)
dn: cn= jumait03,ou=students,ou=people,dc=hs-esslingen,dc=de
changetype: add
givenName: Not configured
sn: Not configured
userPassword: ezsiscool
mail: Not configured
objectClass: inetOrgPerson
objectClass: organizationalPerson
objectClass: person
objectClass: top
objectClass: pwmUser
memberof: cn= sagroup8,ou=groups,dc=hs-esslingen,dc=de
uid:  jumait03
cn:  jumait03

# Error: Already exists (68)
dn: cn=pamuit01,ou=students,ou=people,dc=hs-esslingen,dc=de
changetype: add
givenName: Not configured
sn: Not configured
userPassword: ezsiscool
mail: Not configured
objectClass: inetOrgPerson
objectClass: organizationalPerson
objectClass: person
objectClass: top
objectClass: pwmUser
memberof: cn= sagroup9,ou=groups,dc=hs-esslingen,dc=de
uid: pamuit01
cn: pamuit01

# Error: Already exists (68)
dn: cn=singit00,ou=students,ou=people,dc=hs-esslingen,dc=de
changetype: add
givenName: Not configured
sn: Not configured
userPassword: ezsiscool
mail: Not configured
objectClass: inetOrgPerson
objectClass: organizationalPerson
objectClass: person
objectClass: top
objectClass: pwmUser
memberof: cn= sagroup10,ou=groups,dc=hs-esslingen,dc=de
uid: singit00
cn: singit00

# Error: Already exists (68)
dn: cn= ondeit00,ou=students,ou=people,dc=hs-esslingen,dc=de
changetype: add
givenName: Not configured
sn: Not configured
userPassword: ezsiscool
mail: Not configured
objectClass: inetOrgPerson
objectClass: organizationalPerson
objectClass: person
objectClass: top
objectClass: pwmUser
memberof: cn= sagroup10,ou=groups,dc=hs-esslingen,dc=de
uid:  ondeit00
cn:  ondeit00

# Error: Already exists (68)
dn: cn= hiasit00,ou=students,ou=people,dc=hs-esslingen,dc=de
changetype: add
givenName: Not configured
sn: Not configured
userPassword: ezsiscool
mail: Not configured
objectClass: inetOrgPerson
objectClass: organizationalPerson
objectClass: person
objectClass: top
objectClass: pwmUser
memberof: cn= sagroup10,ou=groups,dc=hs-esslingen,dc=de
uid:  hiasit00
cn:  hiasit00

# Error: Already exists (68)
dn: cn=clboit00,ou=students,ou=people,dc=hs-esslingen,dc=de
changetype: add
givenName: Not configured
sn: Not configured
userPassword: ezsiscool
mail: Not configured
objectClass: inetOrgPerson
objectClass: organizationalPerson
objectClass: person
objectClass: top
objectClass: pwmUser
memberof: cn= sagroup11,ou=groups,dc=hs-esslingen,dc=de
uid: clboit00
cn: clboit00

# Error: Already exists (68)
dn: cn= almait05,ou=students,ou=people,dc=hs-esslingen,dc=de
changetype: add
givenName: Not configured
sn: Not configured
userPassword: ezsiscool
mail: Not configured
objectClass: inetOrgPerson
objectClass: organizationalPerson
objectClass: person
objectClass: top
objectClass: pwmUser
memberof: cn= sagroup11,ou=groups,dc=hs-esslingen,dc=de
uid:  almait05
cn:  almait05

# Error: Already exists (68)
dn: cn=tojait02,ou=students,ou=people,dc=hs-esslingen,dc=de
changetype: add
givenName: Not configured
sn: Not configured
userPassword: ezsiscool
mail: Not configured
objectClass: inetOrgPerson
objectClass: organizationalPerson
objectClass: person
objectClass: top
objectClass: pwmUser
memberof: cn= sagroup12,ou=groups,dc=hs-esslingen,dc=de
uid: tojait02
cn: tojait02

# Error: Already exists (68)
dn: cn= reduit00,ou=students,ou=people,dc=hs-esslingen,dc=de
changetype: add
givenName: Not configured
sn: Not configured
userPassword: ezsiscool
mail: Not configured
objectClass: inetOrgPerson
objectClass: organizationalPerson
objectClass: person
objectClass: top
objectClass: pwmUser
memberof: cn= sagroup12,ou=groups,dc=hs-esslingen,dc=de
uid:  reduit00
cn:  reduit00

# Error: Already exists (68)
dn: cn=flstit01,ou=students,ou=people,dc=hs-esslingen,dc=de
changetype: add
givenName: Not configured
sn: Not configured
userPassword: ezsiscool
mail: Not configured
objectClass: inetOrgPerson
objectClass: organizationalPerson
objectClass: person
objectClass: top
objectClass: pwmUser
memberof: cn= sagroup13,ou=groups,dc=hs-esslingen,dc=de
uid: flstit01
cn: flstit01

# Error: Already exists (68)
dn: cn= hayait01,ou=students,ou=people,dc=hs-esslingen,dc=de
changetype: add
givenName: Not configured
sn: Not configured
userPassword: ezsiscool
mail: Not configured
objectClass: inetOrgPerson
objectClass: organizationalPerson
objectClass: person
objectClass: top
objectClass: pwmUser
memberof: cn= sagroup13,ou=groups,dc=hs-esslingen,dc=de
uid:  hayait01
cn:  hayait01

# Error: Already exists (68)
dn: cn=XXXXit00,ou=students,ou=people,dc=hs-esslingen,dc=de
changetype: add
givenName: Not configured
sn: Not configured
userPassword: ezsiscool
mail: Not configured
objectClass: inetOrgPerson
objectClass: organizationalPerson
objectClass: person
objectClass: top
objectClass: pwmUser
memberof: cn= sagroup14,ou=groups,dc=hs-esslingen,dc=de
uid: XXXXit00
cn: XXXXit00

# Error: Already exists (68)
dn: cn= YYYYit00,ou=students,ou=people,dc=hs-esslingen,dc=de
changetype: add
givenName: Not configured
sn: Not configured
userPassword: ezsiscool
mail: Not configured
objectClass: inetOrgPerson
objectClass: organizationalPerson
objectClass: person
objectClass: top
objectClass: pwmUser
memberof: cn= sagroup14,ou=groups,dc=hs-esslingen,dc=de
uid:  YYYYit00
cn:  YYYYit00

# Error: Already exists (68)
dn: cn=XXXXit00,ou=students,ou=people,dc=hs-esslingen,dc=de
changetype: add
givenName: Not configured
sn: Not configured
userPassword: ezsiscool
mail: Not configured
objectClass: inetOrgPerson
objectClass: organizationalPerson
objectClass: person
objectClass: top
objectClass: pwmUser
memberof: cn= sagroup15,ou=groups,dc=hs-esslingen,dc=de
uid: XXXXit00
cn: XXXXit00

# Error: Already exists (68)
dn: cn= YYYYit00,ou=students,ou=people,dc=hs-esslingen,dc=de
changetype: add
givenName: Not configured
sn: Not configured
userPassword: ezsiscool
mail: Not configured
objectClass: inetOrgPerson
objectClass: organizationalPerson
objectClass: person
objectClass: top
objectClass: pwmUser
memberof: cn= sagroup15,ou=groups,dc=hs-esslingen,dc=de
uid:  YYYYit00
cn:  YYYYit00

# Error: Already exists (68)
dn: cn=XXXXit00,ou=students,ou=people,dc=hs-esslingen,dc=de
changetype: add
givenName: Not configured
sn: Not configured
userPassword: ezsiscool
mail: Not configured
objectClass: inetOrgPerson
objectClass: organizationalPerson
objectClass: person
objectClass: top
objectClass: pwmUser
memberof: cn= sagroup16,ou=groups,dc=hs-esslingen,dc=de
uid: XXXXit00
cn: XXXXit00

# Error: Already exists (68)
dn: cn= YYYYit00,ou=students,ou=people,dc=hs-esslingen,dc=de
changetype: add
givenName: Not configured
sn: Not configured
userPassword: ezsiscool
mail: Not configured
objectClass: inetOrgPerson
objectClass: organizationalPerson
objectClass: person
objectClass: top
objectClass: pwmUser
memberof: cn= sagroup16,ou=groups,dc=hs-esslingen,dc=de
uid:  YYYYit00
cn:  YYYYit00

# Error: Already exists (68)
dn: cn=XXXXit00,ou=students,ou=people,dc=hs-esslingen,dc=de
changetype: add
givenName: Not configured
sn: Not configured
userPassword: ezsiscool
mail: Not configured
objectClass: inetOrgPerson
objectClass: organizationalPerson
objectClass: person
objectClass: top
objectClass: pwmUser
memberof: cn= sagroup17,ou=groups,dc=hs-esslingen,dc=de
uid: XXXXit00
cn: XXXXit00

# Error: Already exists (68)
dn: cn= YYYYit00,ou=students,ou=people,dc=hs-esslingen,dc=de
changetype: add
givenName: Not configured
sn: Not configured
userPassword: ezsiscool
mail: Not configured
objectClass: inetOrgPerson
objectClass: organizationalPerson
objectClass: person
objectClass: top
objectClass: pwmUser
memberof: cn= sagroup17,ou=groups,dc=hs-esslingen,dc=de
uid:  YYYYit00
cn:  YYYYit00

# Error: Already exists (68)
dn: cn=XXXXit00,ou=students,ou=people,dc=hs-esslingen,dc=de
changetype: add
givenName: Not configured
sn: Not configured
userPassword: ezsiscool
mail: Not configured
objectClass: inetOrgPerson
objectClass: organizationalPerson
objectClass: person
objectClass: top
objectClass: pwmUser
memberof: cn= sagroup18,ou=groups,dc=hs-esslingen,dc=de
uid: XXXXit00
cn: XXXXit00

# Error: Already exists (68)
dn: cn= YYYYit00,ou=students,ou=people,dc=hs-esslingen,dc=de
changetype: add
givenName: Not configured
sn: Not configured
userPassword: ezsiscool
mail: Not configured
objectClass: inetOrgPerson
objectClass: organizationalPerson
objectClass: person
objectClass: top
objectClass: pwmUser
memberof: cn= sagroup18,ou=groups,dc=hs-esslingen,dc=de
uid:  YYYYit00
cn:  YYYYit00

# Error: Already exists (68)
dn: cn=XXXXit00,ou=students,ou=people,dc=hs-esslingen,dc=de
changetype: add
givenName: Not configured
sn: Not configured
userPassword: ezsiscool
mail: Not configured
objectClass: inetOrgPerson
objectClass: organizationalPerson
objectClass: person
objectClass: top
objectClass: pwmUser
memberof: cn= sagroup19,ou=groups,dc=hs-esslingen,dc=de
uid: XXXXit00
cn: XXXXit00

# Error: Already exists (68)
dn: cn= YYYYit00,ou=students,ou=people,dc=hs-esslingen,dc=de
changetype: add
givenName: Not configured
sn: Not configured
userPassword: ezsiscool
mail: Not configured
objectClass: inetOrgPerson
objectClass: organizationalPerson
objectClass: person
objectClass: top
objectClass: pwmUser
memberof: cn= sagroup19,ou=groups,dc=hs-esslingen,dc=de
uid:  YYYYit00
cn:  YYYYit00

# Error: Already exists (68)
dn: cn=XXXXit00,ou=students,ou=people,dc=hs-esslingen,dc=de
changetype: add
givenName: Not configured
sn: Not configured
userPassword: ezsiscool
mail: Not configured
objectClass: inetOrgPerson
objectClass: organizationalPerson
objectClass: person
objectClass: top
objectClass: pwmUser
memberof: cn= sagroup20,ou=groups,dc=hs-esslingen,dc=de
uid: XXXXit00
cn: XXXXit00

# Error: Already exists (68)
dn: cn= YYYYit00,ou=students,ou=people,dc=hs-esslingen,dc=de
changetype: add
givenName: Not configured
sn: Not configured
userPassword: ezsiscool
mail: Not configured
objectClass: inetOrgPerson
objectClass: organizationalPerson
objectClass: person
objectClass: top
objectClass: pwmUser
memberof: cn= sagroup20,ou=groups,dc=hs-esslingen,dc=de
uid:  YYYYit00
cn:  YYYYit00

# Error: Already exists (68)
dn: cn=XXXXit00,ou=students,ou=people,dc=hs-esslingen,dc=de
changetype: add
givenName: Not configured
sn: Not configured
userPassword: ezsiscool
mail: Not configured
objectClass: inetOrgPerson
objectClass: organizationalPerson
objectClass: person
objectClass: top
objectClass: pwmUser
memberof: cn= sagroup21,ou=groups,dc=hs-esslingen,dc=de
uid: XXXXit00
cn: XXXXit00

# Error: Already exists (68)
dn: cn= YYYYit00,ou=students,ou=people,dc=hs-esslingen,dc=de
changetype: add
givenName: Not configured
sn: Not configured
userPassword: ezsiscool
mail: Not configured
objectClass: inetOrgPerson
objectClass: organizationalPerson
objectClass: person
objectClass: top
objectClass: pwmUser
memberof: cn= sagroup21,ou=groups,dc=hs-esslingen,dc=de
uid:  YYYYit00
cn:  YYYYit00

# Error: Already exists (68)
dn: cn=XXXXit00,ou=students,ou=people,dc=hs-esslingen,dc=de
changetype: add
givenName: Not configured
sn: Not configured
userPassword: ezsiscool
mail: Not configured
objectClass: inetOrgPerson
objectClass: organizationalPerson
objectClass: person
objectClass: top
objectClass: pwmUser
memberof: cn= sagroup22,ou=groups,dc=hs-esslingen,dc=de
uid: XXXXit00
cn: XXXXit00

# Error: Already exists (68)
dn: cn= YYYYit00,ou=students,ou=people,dc=hs-esslingen,dc=de
changetype: add
givenName: Not configured
sn: Not configured
userPassword: ezsiscool
mail: Not configured
objectClass: inetOrgPerson
objectClass: organizationalPerson
objectClass: person
objectClass: top
objectClass: pwmUser
memberof: cn= sagroup22,ou=groups,dc=hs-esslingen,dc=de
uid:  YYYYit00
cn:  YYYYit00

# Error: Already exists (68)
dn: cn=XXXXit00,ou=students,ou=people,dc=hs-esslingen,dc=de
changetype: add
givenName: Not configured
sn: Not configured
userPassword: ezsiscool
mail: Not configured
objectClass: inetOrgPerson
objectClass: organizationalPerson
objectClass: person
objectClass: top
objectClass: pwmUser
memberof: cn= sagroup23,ou=groups,dc=hs-esslingen,dc=de
uid: XXXXit00
cn: XXXXit00

# Error: Already exists (68)
dn: cn= YYYYit00,ou=students,ou=people,dc=hs-esslingen,dc=de
changetype: add
givenName: Not configured
sn: Not configured
userPassword: ezsiscool
mail: Not configured
objectClass: inetOrgPerson
objectClass: organizationalPerson
objectClass: person
objectClass: top
objectClass: pwmUser
memberof: cn= sagroup23,ou=groups,dc=hs-esslingen,dc=de
uid:  YYYYit00
cn:  YYYYit00

# Error: Already exists (68)
dn: cn=XXXXit00,ou=students,ou=people,dc=hs-esslingen,dc=de
changetype: add
givenName: Not configured
sn: Not configured
userPassword: ezsiscool
mail: Not configured
objectClass: inetOrgPerson
objectClass: organizationalPerson
objectClass: person
objectClass: top
objectClass: pwmUser
memberof: cn= sagroup24,ou=groups,dc=hs-esslingen,dc=de
uid: XXXXit00
cn: XXXXit00

# Error: Already exists (68)
dn: cn= YYYYit00,ou=students,ou=people,dc=hs-esslingen,dc=de
changetype: add
givenName: Not configured
sn: Not configured
userPassword: ezsiscool
mail: Not configured
objectClass: inetOrgPerson
objectClass: organizationalPerson
objectClass: person
objectClass: top
objectClass: pwmUser
memberof: cn= sagroup24,ou=groups,dc=hs-esslingen,dc=de
uid:  YYYYit00
cn:  YYYYit00

# Error: Already exists (68)
dn: cn=XXXXit00,ou=students,ou=people,dc=hs-esslingen,dc=de
changetype: add
givenName: Not configured
sn: Not configured
userPassword: ezsiscool
mail: Not configured
objectClass: inetOrgPerson
objectClass: organizationalPerson
objectClass: person
objectClass: top
objectClass: pwmUser
memberof: cn= sagroup25,ou=groups,dc=hs-esslingen,dc=de
uid: XXXXit00
cn: XXXXit00

# Error: Already exists (68)
dn: cn= YYYYit00,ou=students,ou=people,dc=hs-esslingen,dc=de
changetype: add
givenName: Not configured
sn: Not configured
userPassword: ezsiscool
mail: Not configured
objectClass: inetOrgPerson
objectClass: organizationalPerson
objectClass: person
objectClass: top
objectClass: pwmUser
memberof: cn= sagroup25,ou=groups,dc=hs-esslingen,dc=de
uid:  YYYYit00
cn:  YYYYit00

