-----------------SVN LOG ------------------------\n\n
<<< Started new transaction, based on original revision 1
     * adding path : docs ... done.

------- Committed revision 1 >>>

<<< Started new transaction, based on original revision 2
     * adding path : docs/pm ... done.

------- Committed revision 2 >>>

<<< Started new transaction, based on original revision 3
     * adding path : docs/se ... done.

------- Committed revision 3 >>>

<<< Started new transaction, based on original revision 4
     * adding path : docs/qa ... done.

------- Committed revision 4 >>>

<<< Started new transaction, based on original revision 5
     * adding path : docs/cm ... done.

------- Committed revision 5 >>>

<<< Started new transaction, based on original revision 6
     * adding path : scratch ... done.

------- Committed revision 6 >>>

<<< Started new transaction, based on original revision 7
     * adding path : impl ... done.

------- Committed revision 7 >>>

<<< Started new transaction, based on original revision 8
     * adding path : impl/Application ... done.

------- Committed revision 8 >>>

<<< Started new transaction, based on original revision 9
     * adding path : impl/HAL-Host ... done.

------- Committed revision 9 >>>

<<< Started new transaction, based on original revision 10
     * adding path : impl/HAL-Target ... done.

------- Committed revision 10 >>>

<<< Started new transaction, based on original revision 11
     * adding path : impl/IDE-Host ... done.

------- Committed revision 11 >>>

<<< Started new transaction, based on original revision 12
     * adding path : impl/IDE-Target ... done.

------- Committed revision 12 >>>

<<< Started new transaction, based on original revision 13
     * adding path : impl/IDE-Host/validatebuild.sh ... done.

------- Committed revision 13 >>>

<<< Started new transaction, based on original revision 1
     * adding path : docs ... done.

------- Committed revision 1 >>>

<<< Started new transaction, based on original revision 2
     * adding path : docs/pm ... done.

------- Committed revision 2 >>>

<<< Started new transaction, based on original revision 3
     * adding path : docs/se ... done.

------- Committed revision 3 >>>

<<< Started new transaction, based on original revision 4
     * adding path : docs/qa ... done.

------- Committed revision 4 >>>

<<< Started new transaction, based on original revision 5
     * adding path : docs/cm ... done.

------- Committed revision 5 >>>

<<< Started new transaction, based on original revision 6
     * adding path : scratch ... done.

------- Committed revision 6 >>>

<<< Started new transaction, based on original revision 7
     * adding path : impl ... done.

------- Committed revision 7 >>>

<<< Started new transaction, based on original revision 8
     * adding path : impl/Application ... done.

------- Committed revision 8 >>>

<<< Started new transaction, based on original revision 9
     * adding path : impl/HAL-Host ... done.

------- Committed revision 9 >>>

<<< Started new transaction, based on original revision 10
     * adding path : impl/HAL-Target ... done.

------- Committed revision 10 >>>

<<< Started new transaction, based on original revision 11
     * adding path : impl/IDE-Host ... done.

------- Committed revision 11 >>>

<<< Started new transaction, based on original revision 12
     * adding path : impl/IDE-Target ... done.

------- Committed revision 12 >>>

<<< Started new transaction, based on original revision 13
     * adding path : impl/IDE-Host/validatebuild.sh ... done.

------- Committed revision 13 >>>

<<< Started new transaction, based on original revision 1
     * adding path : docs ... done.

------- Committed revision 1 >>>

<<< Started new transaction, based on original revision 2
     * adding path : docs/pm ... done.

------- Committed revision 2 >>>

<<< Started new transaction, based on original revision 3
     * adding path : docs/se ... done.

------- Committed revision 3 >>>

<<< Started new transaction, based on original revision 4
     * adding path : docs/qa ... done.

------- Committed revision 4 >>>

<<< Started new transaction, based on original revision 5
     * adding path : docs/cm ... done.

------- Committed revision 5 >>>

<<< Started new transaction, based on original revision 6
     * adding path : scratch ... done.

------- Committed revision 6 >>>

<<< Started new transaction, based on original revision 7
     * adding path : impl ... done.

------- Committed revision 7 >>>

<<< Started new transaction, based on original revision 8
     * adding path : impl/Application ... done.

------- Committed revision 8 >>>

<<< Started new transaction, based on original revision 9
     * adding path : impl/HAL-Host ... done.

------- Committed revision 9 >>>

<<< Started new transaction, based on original revision 10
     * adding path : impl/HAL-Target ... done.

------- Committed revision 10 >>>

<<< Started new transaction, based on original revision 11
     * adding path : impl/IDE-Host ... done.

------- Committed revision 11 >>>

<<< Started new transaction, based on original revision 12
     * adding path : impl/IDE-Target ... done.

------- Committed revision 12 >>>

<<< Started new transaction, based on original revision 13
     * adding path : impl/IDE-Host/validatebuild.sh ... done.

------- Committed revision 13 >>>

<<< Started new transaction, based on original revision 1
     * adding path : docs ... done.

------- Committed revision 1 >>>

<<< Started new transaction, based on original revision 2
     * adding path : docs/pm ... done.

------- Committed revision 2 >>>

<<< Started new transaction, based on original revision 3
     * adding path : docs/se ... done.

------- Committed revision 3 >>>

<<< Started new transaction, based on original revision 4
     * adding path : docs/qa ... done.

------- Committed revision 4 >>>

<<< Started new transaction, based on original revision 5
     * adding path : docs/cm ... done.

------- Committed revision 5 >>>

<<< Started new transaction, based on original revision 6
     * adding path : scratch ... done.

------- Committed revision 6 >>>

<<< Started new transaction, based on original revision 7
     * adding path : impl ... done.

------- Committed revision 7 >>>

<<< Started new transaction, based on original revision 8
     * adding path : impl/Application ... done.

------- Committed revision 8 >>>

<<< Started new transaction, based on original revision 9
     * adding path : impl/HAL-Host ... done.

------- Committed revision 9 >>>

<<< Started new transaction, based on original revision 10
     * adding path : impl/HAL-Target ... done.

------- Committed revision 10 >>>

<<< Started new transaction, based on original revision 11
     * adding path : impl/IDE-Host ... done.

------- Committed revision 11 >>>

<<< Started new transaction, based on original revision 12
     * adding path : impl/IDE-Target ... done.

------- Committed revision 12 >>>

<<< Started new transaction, based on original revision 13
     * adding path : impl/IDE-Host/validatebuild.sh ... done.

------- Committed revision 13 >>>

