# Error: Already exists (68)
dn: cn=XXXXit00,ou=labor,ou=people,dc=hs-esslingen,dc=de
changetype: add
givenName: Not configured
sn: Not configured
userPassword: ezsiscool
mail: XXXXit00@hs-esslingen.de
objectClass: inetOrgPerson
objectClass: organizationalPerson
objectClass: person
objectClass: top
objectClass: pwmUser
memberof: cn= ezsgroup14,ou=groups,dc=hs-esslingen,dc=de
uid: XXXXit00
cn: XXXXit00

# Error: Already exists (68)
dn: cn= YYYYit00,ou=labor,ou=people,dc=hs-esslingen,dc=de
changetype: add
givenName: Not configured
sn: Not configured
userPassword: ezsiscool
mail:  YYYYit00@hs-esslingen.de
objectClass: inetOrgPerson
objectClass: organizationalPerson
objectClass: person
objectClass: top
objectClass: pwmUser
memberof: cn= ezsgroup14,ou=groups,dc=hs-esslingen,dc=de
uid:  YYYYit00
cn:  YYYYit00

# Error: Already exists (68)
dn: cn=XXXXit00,ou=labor,ou=people,dc=hs-esslingen,dc=de
changetype: add
givenName: Not configured
sn: Not configured
userPassword: ezsiscool
mail: XXXXit00@hs-esslingen.de
objectClass: inetOrgPerson
objectClass: organizationalPerson
objectClass: person
objectClass: top
objectClass: pwmUser
memberof: cn= ezsgroup15,ou=groups,dc=hs-esslingen,dc=de
uid: XXXXit00
cn: XXXXit00

# Error: Already exists (68)
dn: cn= YYYYit00,ou=labor,ou=people,dc=hs-esslingen,dc=de
changetype: add
givenName: Not configured
sn: Not configured
userPassword: ezsiscool
mail:  YYYYit00@hs-esslingen.de
objectClass: inetOrgPerson
objectClass: organizationalPerson
objectClass: person
objectClass: top
objectClass: pwmUser
memberof: cn= ezsgroup15,ou=groups,dc=hs-esslingen,dc=de
uid:  YYYYit00
cn:  YYYYit00

# Error: Already exists (68)
dn: cn=XXXXit00,ou=labor,ou=people,dc=hs-esslingen,dc=de
changetype: add
givenName: Not configured
sn: Not configured
userPassword: ezsiscool
mail: XXXXit00@hs-esslingen.de
objectClass: inetOrgPerson
objectClass: organizationalPerson
objectClass: person
objectClass: top
objectClass: pwmUser
memberof: cn= ezsgroup16,ou=groups,dc=hs-esslingen,dc=de
uid: XXXXit00
cn: XXXXit00

# Error: Already exists (68)
dn: cn= YYYYit00,ou=labor,ou=people,dc=hs-esslingen,dc=de
changetype: add
givenName: Not configured
sn: Not configured
userPassword: ezsiscool
mail:  YYYYit00@hs-esslingen.de
objectClass: inetOrgPerson
objectClass: organizationalPerson
objectClass: person
objectClass: top
objectClass: pwmUser
memberof: cn= ezsgroup16,ou=groups,dc=hs-esslingen,dc=de
uid:  YYYYit00
cn:  YYYYit00

# Error: Already exists (68)
dn: cn=XXXXit00,ou=labor,ou=people,dc=hs-esslingen,dc=de
changetype: add
givenName: Not configured
sn: Not configured
userPassword: ezsiscool
mail: XXXXit00@hs-esslingen.de
objectClass: inetOrgPerson
objectClass: organizationalPerson
objectClass: person
objectClass: top
objectClass: pwmUser
memberof: cn= ezsgroup17,ou=groups,dc=hs-esslingen,dc=de
uid: XXXXit00
cn: XXXXit00

# Error: Already exists (68)
dn: cn= YYYYit00,ou=labor,ou=people,dc=hs-esslingen,dc=de
changetype: add
givenName: Not configured
sn: Not configured
userPassword: ezsiscool
mail:  YYYYit00@hs-esslingen.de
objectClass: inetOrgPerson
objectClass: organizationalPerson
objectClass: person
objectClass: top
objectClass: pwmUser
memberof: cn= ezsgroup17,ou=groups,dc=hs-esslingen,dc=de
uid:  YYYYit00
cn:  YYYYit00

# Error: Already exists (68)
dn: cn=XXXXit00,ou=labor,ou=people,dc=hs-esslingen,dc=de
changetype: add
givenName: Not configured
sn: Not configured
userPassword: ezsiscool
mail: XXXXit00@hs-esslingen.de
objectClass: inetOrgPerson
objectClass: organizationalPerson
objectClass: person
objectClass: top
objectClass: pwmUser
memberof: cn= ezsgroup18,ou=groups,dc=hs-esslingen,dc=de
uid: XXXXit00
cn: XXXXit00

# Error: Already exists (68)
dn: cn= YYYYit00,ou=labor,ou=people,dc=hs-esslingen,dc=de
changetype: add
givenName: Not configured
sn: Not configured
userPassword: ezsiscool
mail:  YYYYit00@hs-esslingen.de
objectClass: inetOrgPerson
objectClass: organizationalPerson
objectClass: person
objectClass: top
objectClass: pwmUser
memberof: cn= ezsgroup18,ou=groups,dc=hs-esslingen,dc=de
uid:  YYYYit00
cn:  YYYYit00

# Error: Already exists (68)
dn: cn=XXXXit00,ou=labor,ou=people,dc=hs-esslingen,dc=de
changetype: add
givenName: Not configured
sn: Not configured
userPassword: ezsiscool
mail: XXXXit00@hs-esslingen.de
objectClass: inetOrgPerson
objectClass: organizationalPerson
objectClass: person
objectClass: top
objectClass: pwmUser
memberof: cn= ezsgroup19,ou=groups,dc=hs-esslingen,dc=de
uid: XXXXit00
cn: XXXXit00

# Error: Already exists (68)
dn: cn= YYYYit00,ou=labor,ou=people,dc=hs-esslingen,dc=de
changetype: add
givenName: Not configured
sn: Not configured
userPassword: ezsiscool
mail:  YYYYit00@hs-esslingen.de
objectClass: inetOrgPerson
objectClass: organizationalPerson
objectClass: person
objectClass: top
objectClass: pwmUser
memberof: cn= ezsgroup19,ou=groups,dc=hs-esslingen,dc=de
uid:  YYYYit00
cn:  YYYYit00

# Error: Already exists (68)
dn: cn=XXXXit00,ou=labor,ou=people,dc=hs-esslingen,dc=de
changetype: add
givenName: Not configured
sn: Not configured
userPassword: ezsiscool
mail: XXXXit00@hs-esslingen.de
objectClass: inetOrgPerson
objectClass: organizationalPerson
objectClass: person
objectClass: top
objectClass: pwmUser
memberof: cn= ezsgroup20,ou=groups,dc=hs-esslingen,dc=de
uid: XXXXit00
cn: XXXXit00

# Error: Already exists (68)
dn: cn= YYYYit00,ou=labor,ou=people,dc=hs-esslingen,dc=de
changetype: add
givenName: Not configured
sn: Not configured
userPassword: ezsiscool
mail:  YYYYit00@hs-esslingen.de
objectClass: inetOrgPerson
objectClass: organizationalPerson
objectClass: person
objectClass: top
objectClass: pwmUser
memberof: cn= ezsgroup20,ou=groups,dc=hs-esslingen,dc=de
uid:  YYYYit00
cn:  YYYYit00

# Error: Already exists (68)
dn: cn=XXXXit00,ou=labor,ou=people,dc=hs-esslingen,dc=de
changetype: add
givenName: Not configured
sn: Not configured
userPassword: ezsiscool
mail: XXXXit00@hs-esslingen.de
objectClass: inetOrgPerson
objectClass: organizationalPerson
objectClass: person
objectClass: top
objectClass: pwmUser
memberof: cn= ezsgroup21,ou=groups,dc=hs-esslingen,dc=de
uid: XXXXit00
cn: XXXXit00

# Error: Already exists (68)
dn: cn= YYYYit00,ou=labor,ou=people,dc=hs-esslingen,dc=de
changetype: add
givenName: Not configured
sn: Not configured
userPassword: ezsiscool
mail:  YYYYit00@hs-esslingen.de
objectClass: inetOrgPerson
objectClass: organizationalPerson
objectClass: person
objectClass: top
objectClass: pwmUser
memberof: cn= ezsgroup21,ou=groups,dc=hs-esslingen,dc=de
uid:  YYYYit00
cn:  YYYYit00

# Error: Already exists (68)
dn: cn=XXXXit00,ou=labor,ou=people,dc=hs-esslingen,dc=de
changetype: add
givenName: Not configured
sn: Not configured
userPassword: ezsiscool
mail: XXXXit00@hs-esslingen.de
objectClass: inetOrgPerson
objectClass: organizationalPerson
objectClass: person
objectClass: top
objectClass: pwmUser
memberof: cn= ezsgroup22,ou=groups,dc=hs-esslingen,dc=de
uid: XXXXit00
cn: XXXXit00

# Error: Already exists (68)
dn: cn= YYYYit00,ou=labor,ou=people,dc=hs-esslingen,dc=de
changetype: add
givenName: Not configured
sn: Not configured
userPassword: ezsiscool
mail:  YYYYit00@hs-esslingen.de
objectClass: inetOrgPerson
objectClass: organizationalPerson
objectClass: person
objectClass: top
objectClass: pwmUser
memberof: cn= ezsgroup22,ou=groups,dc=hs-esslingen,dc=de
uid:  YYYYit00
cn:  YYYYit00

# Error: Already exists (68)
dn: cn=XXXXit00,ou=labor,ou=people,dc=hs-esslingen,dc=de
changetype: add
givenName: Not configured
sn: Not configured
userPassword: ezsiscool
mail: XXXXit00@hs-esslingen.de
objectClass: inetOrgPerson
objectClass: organizationalPerson
objectClass: person
objectClass: top
objectClass: pwmUser
memberof: cn= ezsgroup23,ou=groups,dc=hs-esslingen,dc=de
uid: XXXXit00
cn: XXXXit00

# Error: Already exists (68)
dn: cn= YYYYit00,ou=labor,ou=people,dc=hs-esslingen,dc=de
changetype: add
givenName: Not configured
sn: Not configured
userPassword: ezsiscool
mail:  YYYYit00@hs-esslingen.de
objectClass: inetOrgPerson
objectClass: organizationalPerson
objectClass: person
objectClass: top
objectClass: pwmUser
memberof: cn= ezsgroup23,ou=groups,dc=hs-esslingen,dc=de
uid:  YYYYit00
cn:  YYYYit00

# Error: Already exists (68)
dn: cn=XXXXit00,ou=labor,ou=people,dc=hs-esslingen,dc=de
changetype: add
givenName: Not configured
sn: Not configured
userPassword: ezsiscool
mail: XXXXit00@hs-esslingen.de
objectClass: inetOrgPerson
objectClass: organizationalPerson
objectClass: person
objectClass: top
objectClass: pwmUser
memberof: cn= ezsgroup24,ou=groups,dc=hs-esslingen,dc=de
uid: XXXXit00
cn: XXXXit00

# Error: Already exists (68)
dn: cn= YYYYit00,ou=labor,ou=people,dc=hs-esslingen,dc=de
changetype: add
givenName: Not configured
sn: Not configured
userPassword: ezsiscool
mail:  YYYYit00@hs-esslingen.de
objectClass: inetOrgPerson
objectClass: organizationalPerson
objectClass: person
objectClass: top
objectClass: pwmUser
memberof: cn= ezsgroup24,ou=groups,dc=hs-esslingen,dc=de
uid:  YYYYit00
cn:  YYYYit00

# Error: Already exists (68)
dn: cn=XXXXit00,ou=labor,ou=people,dc=hs-esslingen,dc=de
changetype: add
givenName: Not configured
sn: Not configured
userPassword: ezsiscool
mail: XXXXit00@hs-esslingen.de
objectClass: inetOrgPerson
objectClass: organizationalPerson
objectClass: person
objectClass: top
objectClass: pwmUser
memberof: cn= ezsgroup25,ou=groups,dc=hs-esslingen,dc=de
uid: XXXXit00
cn: XXXXit00

# Error: Already exists (68)
dn: cn= YYYYit00,ou=labor,ou=people,dc=hs-esslingen,dc=de
changetype: add
givenName: Not configured
sn: Not configured
userPassword: ezsiscool
mail:  YYYYit00@hs-esslingen.de
objectClass: inetOrgPerson
objectClass: organizationalPerson
objectClass: person
objectClass: top
objectClass: pwmUser
memberof: cn= ezsgroup25,ou=groups,dc=hs-esslingen,dc=de
uid:  YYYYit00
cn:  YYYYit00

# Error: Already exists (68)
dn: cn=XXXXit00,ou=labor,ou=people,dc=hs-esslingen,dc=de
changetype: add
givenName: Not configured
sn: Not configured
userPassword: ezsiscool
mail: XXXXit00@hs-esslingen.de
objectClass: inetOrgPerson
objectClass: organizationalPerson
objectClass: person
objectClass: top
objectClass: pwmUser
memberof: cn= sagroup1,ou=groups,dc=hs-esslingen,dc=de
uid: XXXXit00
cn: XXXXit00

# Error: Already exists (68)
dn: cn= YYYYit00,ou=labor,ou=people,dc=hs-esslingen,dc=de
changetype: add
givenName: Not configured
sn: Not configured
userPassword: ezsiscool
mail:  YYYYit00@hs-esslingen.de
objectClass: inetOrgPerson
objectClass: organizationalPerson
objectClass: person
objectClass: top
objectClass: pwmUser
memberof: cn= sagroup1,ou=groups,dc=hs-esslingen,dc=de
uid:  YYYYit00
cn:  YYYYit00

# Error: Already exists (68)
dn: cn=tomuit00,ou=labor,ou=people,dc=hs-esslingen,dc=de
changetype: add
givenName: Not configured
sn: Not configured
userPassword: ezsiscool
mail: tomuit00@hs-esslingen.de
objectClass: inetOrgPerson
objectClass: organizationalPerson
objectClass: person
objectClass: top
objectClass: pwmUser
memberof: cn= sagroup2,ou=groups,dc=hs-esslingen,dc=de
uid: tomuit00
cn: tomuit00

# Error: Already exists (68)
dn: cn= febiit00,ou=labor,ou=people,dc=hs-esslingen,dc=de
changetype: add
givenName: Not configured
sn: Not configured
userPassword: ezsiscool
mail:  febiit00@hs-esslingen.de
objectClass: inetOrgPerson
objectClass: organizationalPerson
objectClass: person
objectClass: top
objectClass: pwmUser
memberof: cn= sagroup2,ou=groups,dc=hs-esslingen,dc=de
uid:  febiit00
cn:  febiit00

# Error: Already exists (68)
dn: cn=chhait07,ou=labor,ou=people,dc=hs-esslingen,dc=de
changetype: add
givenName: Not configured
sn: Not configured
userPassword: ezsiscool
mail: chhait07@hs-esslingen.de
objectClass: inetOrgPerson
objectClass: organizationalPerson
objectClass: person
objectClass: top
objectClass: pwmUser
memberof: cn= sagroup3,ou=groups,dc=hs-esslingen,dc=de
uid: chhait07
cn: chhait07

# Error: Already exists (68)
dn: cn= jomait03,ou=labor,ou=people,dc=hs-esslingen,dc=de
changetype: add
givenName: Not configured
sn: Not configured
userPassword: ezsiscool
mail:  jomait03@hs-esslingen.de
objectClass: inetOrgPerson
objectClass: organizationalPerson
objectClass: person
objectClass: top
objectClass: pwmUser
memberof: cn= sagroup3,ou=groups,dc=hs-esslingen,dc=de
uid:  jomait03
cn:  jomait03

# Error: Already exists (68)
dn: cn=wolait01,ou=labor,ou=people,dc=hs-esslingen,dc=de
changetype: add
givenName: Not configured
sn: Not configured
userPassword: ezsiscool
mail: wolait01@hs-esslingen.de
objectClass: inetOrgPerson
objectClass: organizationalPerson
objectClass: person
objectClass: top
objectClass: pwmUser
memberof: cn= sagroup4,ou=groups,dc=hs-esslingen,dc=de
uid: wolait01
cn: wolait01

# Error: Already exists (68)
dn: cn= toscit07,ou=labor,ou=people,dc=hs-esslingen,dc=de
changetype: add
givenName: Not configured
sn: Not configured
userPassword: ezsiscool
mail:  toscit07@hs-esslingen.de
objectClass: inetOrgPerson
objectClass: organizationalPerson
objectClass: person
objectClass: top
objectClass: pwmUser
memberof: cn= sagroup4,ou=groups,dc=hs-esslingen,dc=de
uid:  toscit07
cn:  toscit07

# Error: Already exists (68)
dn: cn=papait02,ou=labor,ou=people,dc=hs-esslingen,dc=de
changetype: add
givenName: Not configured
sn: Not configured
userPassword: ezsiscool
mail: papait02@hs-esslingen.de
objectClass: inetOrgPerson
objectClass: organizationalPerson
objectClass: person
objectClass: top
objectClass: pwmUser
memberof: cn= sagroup5,ou=groups,dc=hs-esslingen,dc=de
uid: papait02
cn: papait02

# Error: Already exists (68)
dn: cn= dahait05,ou=labor,ou=people,dc=hs-esslingen,dc=de
changetype: add
givenName: Not configured
sn: Not configured
userPassword: ezsiscool
mail:  dahait05@hs-esslingen.de
objectClass: inetOrgPerson
objectClass: organizationalPerson
objectClass: person
objectClass: top
objectClass: pwmUser
memberof: cn= sagroup5,ou=groups,dc=hs-esslingen,dc=de
uid:  dahait05
cn:  dahait05

# Error: Already exists (68)
dn: cn=ropeme00,ou=labor,ou=people,dc=hs-esslingen,dc=de
changetype: add
givenName: Not configured
sn: Not configured
userPassword: ezsiscool
mail: ropeme00@hs-esslingen.de
objectClass: inetOrgPerson
objectClass: organizationalPerson
objectClass: person
objectClass: top
objectClass: pwmUser
memberof: cn= sagroup6,ou=groups,dc=hs-esslingen,dc=de
uid: ropeme00
cn: ropeme00

# Error: Already exists (68)
dn: cn=makait10,ou=labor,ou=people,dc=hs-esslingen,dc=de
changetype: add
givenName: Not configured
sn: Not configured
userPassword: ezsiscool
mail: makait10@hs-esslingen.de
objectClass: inetOrgPerson
objectClass: organizationalPerson
objectClass: person
objectClass: top
objectClass: pwmUser
memberof: cn= sagroup7,ou=groups,dc=hs-esslingen,dc=de
uid: makait10
cn: makait10

# Error: Already exists (68)
dn: cn= roruit00,ou=labor,ou=people,dc=hs-esslingen,dc=de
changetype: add
givenName: Not configured
sn: Not configured
userPassword: ezsiscool
mail:  roruit00@hs-esslingen.de
objectClass: inetOrgPerson
objectClass: organizationalPerson
objectClass: person
objectClass: top
objectClass: pwmUser
memberof: cn= sagroup7,ou=groups,dc=hs-esslingen,dc=de
uid:  roruit00
cn:  roruit00

# Error: Already exists (68)
dn: cn= ciheit00,ou=labor,ou=people,dc=hs-esslingen,dc=de
changetype: add
givenName: Not configured
sn: Not configured
userPassword: ezsiscool
mail:  ciheit00@hs-esslingen.de
objectClass: inetOrgPerson
objectClass: organizationalPerson
objectClass: person
objectClass: top
objectClass: pwmUser
memberof: cn= sagroup7,ou=groups,dc=hs-esslingen,dc=de
uid:  ciheit00
cn:  ciheit00

# Error: Already exists (68)
dn: cn=ullait00,ou=labor,ou=people,dc=hs-esslingen,dc=de
changetype: add
givenName: Not configured
sn: Not configured
userPassword: ezsiscool
mail: ullait00@hs-esslingen.de
objectClass: inetOrgPerson
objectClass: organizationalPerson
objectClass: person
objectClass: top
objectClass: pwmUser
memberof: cn= sagroup8,ou=groups,dc=hs-esslingen,dc=de
uid: ullait00
cn: ullait00

# Error: Already exists (68)
dn: cn= frbait02,ou=labor,ou=people,dc=hs-esslingen,dc=de
changetype: add
givenName: Not configured
sn: Not configured
userPassword: ezsiscool
mail:  frbait02@hs-esslingen.de
objectClass: inetOrgPerson
objectClass: organizationalPerson
objectClass: person
objectClass: top
objectClass: pwmUser
memberof: cn= sagroup8,ou=groups,dc=hs-esslingen,dc=de
uid:  frbait02
cn:  frbait02

# Error: Already exists (68)
dn: cn= jumait03,ou=labor,ou=people,dc=hs-esslingen,dc=de
changetype: add
givenName: Not configured
sn: Not configured
userPassword: ezsiscool
mail:  jumait03@hs-esslingen.de
objectClass: inetOrgPerson
objectClass: organizationalPerson
objectClass: person
objectClass: top
objectClass: pwmUser
memberof: cn= sagroup8,ou=groups,dc=hs-esslingen,dc=de
uid:  jumait03
cn:  jumait03

# Error: Already exists (68)
dn: cn=pamuit01,ou=labor,ou=people,dc=hs-esslingen,dc=de
changetype: add
givenName: Not configured
sn: Not configured
userPassword: ezsiscool
mail: pamuit01@hs-esslingen.de
objectClass: inetOrgPerson
objectClass: organizationalPerson
objectClass: person
objectClass: top
objectClass: pwmUser
memberof: cn= sagroup9,ou=groups,dc=hs-esslingen,dc=de
uid: pamuit01
cn: pamuit01

# Error: Already exists (68)
dn: cn=singit00,ou=labor,ou=people,dc=hs-esslingen,dc=de
changetype: add
givenName: Not configured
sn: Not configured
userPassword: ezsiscool
mail: singit00@hs-esslingen.de
objectClass: inetOrgPerson
objectClass: organizationalPerson
objectClass: person
objectClass: top
objectClass: pwmUser
memberof: cn= sagroup10,ou=groups,dc=hs-esslingen,dc=de
uid: singit00
cn: singit00

# Error: Already exists (68)
dn: cn= ondeit00,ou=labor,ou=people,dc=hs-esslingen,dc=de
changetype: add
givenName: Not configured
sn: Not configured
userPassword: ezsiscool
mail:  ondeit00@hs-esslingen.de
objectClass: inetOrgPerson
objectClass: organizationalPerson
objectClass: person
objectClass: top
objectClass: pwmUser
memberof: cn= sagroup10,ou=groups,dc=hs-esslingen,dc=de
uid:  ondeit00
cn:  ondeit00

# Error: Already exists (68)
dn: cn= hiasit00,ou=labor,ou=people,dc=hs-esslingen,dc=de
changetype: add
givenName: Not configured
sn: Not configured
userPassword: ezsiscool
mail:  hiasit00@hs-esslingen.de
objectClass: inetOrgPerson
objectClass: organizationalPerson
objectClass: person
objectClass: top
objectClass: pwmUser
memberof: cn= sagroup10,ou=groups,dc=hs-esslingen,dc=de
uid:  hiasit00
cn:  hiasit00

# Error: Already exists (68)
dn: cn=clboit00,ou=labor,ou=people,dc=hs-esslingen,dc=de
changetype: add
givenName: Not configured
sn: Not configured
userPassword: ezsiscool
mail: clboit00@hs-esslingen.de
objectClass: inetOrgPerson
objectClass: organizationalPerson
objectClass: person
objectClass: top
objectClass: pwmUser
memberof: cn= sagroup11,ou=groups,dc=hs-esslingen,dc=de
uid: clboit00
cn: clboit00

# Error: Already exists (68)
dn: cn= almait05,ou=labor,ou=people,dc=hs-esslingen,dc=de
changetype: add
givenName: Not configured
sn: Not configured
userPassword: ezsiscool
mail:  almait05@hs-esslingen.de
objectClass: inetOrgPerson
objectClass: organizationalPerson
objectClass: person
objectClass: top
objectClass: pwmUser
memberof: cn= sagroup11,ou=groups,dc=hs-esslingen,dc=de
uid:  almait05
cn:  almait05

# Error: Already exists (68)
dn: cn=tojait02,ou=labor,ou=people,dc=hs-esslingen,dc=de
changetype: add
givenName: Not configured
sn: Not configured
userPassword: ezsiscool
mail: tojait02@hs-esslingen.de
objectClass: inetOrgPerson
objectClass: organizationalPerson
objectClass: person
objectClass: top
objectClass: pwmUser
memberof: cn= sagroup12,ou=groups,dc=hs-esslingen,dc=de
uid: tojait02
cn: tojait02

# Error: Already exists (68)
dn: cn= reduit00,ou=labor,ou=people,dc=hs-esslingen,dc=de
changetype: add
givenName: Not configured
sn: Not configured
userPassword: ezsiscool
mail:  reduit00@hs-esslingen.de
objectClass: inetOrgPerson
objectClass: organizationalPerson
objectClass: person
objectClass: top
objectClass: pwmUser
memberof: cn= sagroup12,ou=groups,dc=hs-esslingen,dc=de
uid:  reduit00
cn:  reduit00

# Error: Already exists (68)
dn: cn=XXXXit00,ou=labor,ou=people,dc=hs-esslingen,dc=de
changetype: add
givenName: Not configured
sn: Not configured
userPassword: ezsiscool
mail: XXXXit00@hs-esslingen.de
objectClass: inetOrgPerson
objectClass: organizationalPerson
objectClass: person
objectClass: top
objectClass: pwmUser
memberof: cn= sagroup14,ou=groups,dc=hs-esslingen,dc=de
uid: XXXXit00
cn: XXXXit00

# Error: Already exists (68)
dn: cn= YYYYit00,ou=labor,ou=people,dc=hs-esslingen,dc=de
changetype: add
givenName: Not configured
sn: Not configured
userPassword: ezsiscool
mail:  YYYYit00@hs-esslingen.de
objectClass: inetOrgPerson
objectClass: organizationalPerson
objectClass: person
objectClass: top
objectClass: pwmUser
memberof: cn= sagroup14,ou=groups,dc=hs-esslingen,dc=de
uid:  YYYYit00
cn:  YYYYit00

# Error: Already exists (68)
dn: cn=XXXXit00,ou=labor,ou=people,dc=hs-esslingen,dc=de
changetype: add
givenName: Not configured
sn: Not configured
userPassword: ezsiscool
mail: XXXXit00@hs-esslingen.de
objectClass: inetOrgPerson
objectClass: organizationalPerson
objectClass: person
objectClass: top
objectClass: pwmUser
memberof: cn= sagroup15,ou=groups,dc=hs-esslingen,dc=de
uid: XXXXit00
cn: XXXXit00

# Error: Already exists (68)
dn: cn= YYYYit00,ou=labor,ou=people,dc=hs-esslingen,dc=de
changetype: add
givenName: Not configured
sn: Not configured
userPassword: ezsiscool
mail:  YYYYit00@hs-esslingen.de
objectClass: inetOrgPerson
objectClass: organizationalPerson
objectClass: person
objectClass: top
objectClass: pwmUser
memberof: cn= sagroup15,ou=groups,dc=hs-esslingen,dc=de
uid:  YYYYit00
cn:  YYYYit00

# Error: Already exists (68)
dn: cn=XXXXit00,ou=labor,ou=people,dc=hs-esslingen,dc=de
changetype: add
givenName: Not configured
sn: Not configured
userPassword: ezsiscool
mail: XXXXit00@hs-esslingen.de
objectClass: inetOrgPerson
objectClass: organizationalPerson
objectClass: person
objectClass: top
objectClass: pwmUser
memberof: cn= sagroup16,ou=groups,dc=hs-esslingen,dc=de
uid: XXXXit00
cn: XXXXit00

# Error: Already exists (68)
dn: cn= YYYYit00,ou=labor,ou=people,dc=hs-esslingen,dc=de
changetype: add
givenName: Not configured
sn: Not configured
userPassword: ezsiscool
mail:  YYYYit00@hs-esslingen.de
objectClass: inetOrgPerson
objectClass: organizationalPerson
objectClass: person
objectClass: top
objectClass: pwmUser
memberof: cn= sagroup16,ou=groups,dc=hs-esslingen,dc=de
uid:  YYYYit00
cn:  YYYYit00

# Error: Already exists (68)
dn: cn=XXXXit00,ou=labor,ou=people,dc=hs-esslingen,dc=de
changetype: add
givenName: Not configured
sn: Not configured
userPassword: ezsiscool
mail: XXXXit00@hs-esslingen.de
objectClass: inetOrgPerson
objectClass: organizationalPerson
objectClass: person
objectClass: top
objectClass: pwmUser
memberof: cn= sagroup17,ou=groups,dc=hs-esslingen,dc=de
uid: XXXXit00
cn: XXXXit00

# Error: Already exists (68)
dn: cn= YYYYit00,ou=labor,ou=people,dc=hs-esslingen,dc=de
changetype: add
givenName: Not configured
sn: Not configured
userPassword: ezsiscool
mail:  YYYYit00@hs-esslingen.de
objectClass: inetOrgPerson
objectClass: organizationalPerson
objectClass: person
objectClass: top
objectClass: pwmUser
memberof: cn= sagroup17,ou=groups,dc=hs-esslingen,dc=de
uid:  YYYYit00
cn:  YYYYit00

# Error: Already exists (68)
dn: cn=XXXXit00,ou=labor,ou=people,dc=hs-esslingen,dc=de
changetype: add
givenName: Not configured
sn: Not configured
userPassword: ezsiscool
mail: XXXXit00@hs-esslingen.de
objectClass: inetOrgPerson
objectClass: organizationalPerson
objectClass: person
objectClass: top
objectClass: pwmUser
memberof: cn= sagroup18,ou=groups,dc=hs-esslingen,dc=de
uid: XXXXit00
cn: XXXXit00

# Error: Already exists (68)
dn: cn= YYYYit00,ou=labor,ou=people,dc=hs-esslingen,dc=de
changetype: add
givenName: Not configured
sn: Not configured
userPassword: ezsiscool
mail:  YYYYit00@hs-esslingen.de
objectClass: inetOrgPerson
objectClass: organizationalPerson
objectClass: person
objectClass: top
objectClass: pwmUser
memberof: cn= sagroup18,ou=groups,dc=hs-esslingen,dc=de
uid:  YYYYit00
cn:  YYYYit00

# Error: Already exists (68)
dn: cn=XXXXit00,ou=labor,ou=people,dc=hs-esslingen,dc=de
changetype: add
givenName: Not configured
sn: Not configured
userPassword: ezsiscool
mail: XXXXit00@hs-esslingen.de
objectClass: inetOrgPerson
objectClass: organizationalPerson
objectClass: person
objectClass: top
objectClass: pwmUser
memberof: cn= sagroup19,ou=groups,dc=hs-esslingen,dc=de
uid: XXXXit00
cn: XXXXit00

# Error: Already exists (68)
dn: cn= YYYYit00,ou=labor,ou=people,dc=hs-esslingen,dc=de
changetype: add
givenName: Not configured
sn: Not configured
userPassword: ezsiscool
mail:  YYYYit00@hs-esslingen.de
objectClass: inetOrgPerson
objectClass: organizationalPerson
objectClass: person
objectClass: top
objectClass: pwmUser
memberof: cn= sagroup19,ou=groups,dc=hs-esslingen,dc=de
uid:  YYYYit00
cn:  YYYYit00

# Error: Already exists (68)
dn: cn=XXXXit00,ou=labor,ou=people,dc=hs-esslingen,dc=de
changetype: add
givenName: Not configured
sn: Not configured
userPassword: ezsiscool
mail: XXXXit00@hs-esslingen.de
objectClass: inetOrgPerson
objectClass: organizationalPerson
objectClass: person
objectClass: top
objectClass: pwmUser
memberof: cn= sagroup20,ou=groups,dc=hs-esslingen,dc=de
uid: XXXXit00
cn: XXXXit00

# Error: Already exists (68)
dn: cn= YYYYit00,ou=labor,ou=people,dc=hs-esslingen,dc=de
changetype: add
givenName: Not configured
sn: Not configured
userPassword: ezsiscool
mail:  YYYYit00@hs-esslingen.de
objectClass: inetOrgPerson
objectClass: organizationalPerson
objectClass: person
objectClass: top
objectClass: pwmUser
memberof: cn= sagroup20,ou=groups,dc=hs-esslingen,dc=de
uid:  YYYYit00
cn:  YYYYit00

# Error: Already exists (68)
dn: cn=XXXXit00,ou=labor,ou=people,dc=hs-esslingen,dc=de
changetype: add
givenName: Not configured
sn: Not configured
userPassword: ezsiscool
mail: XXXXit00@hs-esslingen.de
objectClass: inetOrgPerson
objectClass: organizationalPerson
objectClass: person
objectClass: top
objectClass: pwmUser
memberof: cn= sagroup21,ou=groups,dc=hs-esslingen,dc=de
uid: XXXXit00
cn: XXXXit00

# Error: Already exists (68)
dn: cn= YYYYit00,ou=labor,ou=people,dc=hs-esslingen,dc=de
changetype: add
givenName: Not configured
sn: Not configured
userPassword: ezsiscool
mail:  YYYYit00@hs-esslingen.de
objectClass: inetOrgPerson
objectClass: organizationalPerson
objectClass: person
objectClass: top
objectClass: pwmUser
memberof: cn= sagroup21,ou=groups,dc=hs-esslingen,dc=de
uid:  YYYYit00
cn:  YYYYit00

# Error: Already exists (68)
dn: cn=XXXXit00,ou=labor,ou=people,dc=hs-esslingen,dc=de
changetype: add
givenName: Not configured
sn: Not configured
userPassword: ezsiscool
mail: XXXXit00@hs-esslingen.de
objectClass: inetOrgPerson
objectClass: organizationalPerson
objectClass: person
objectClass: top
objectClass: pwmUser
memberof: cn= sagroup22,ou=groups,dc=hs-esslingen,dc=de
uid: XXXXit00
cn: XXXXit00

# Error: Already exists (68)
dn: cn= YYYYit00,ou=labor,ou=people,dc=hs-esslingen,dc=de
changetype: add
givenName: Not configured
sn: Not configured
userPassword: ezsiscool
mail:  YYYYit00@hs-esslingen.de
objectClass: inetOrgPerson
objectClass: organizationalPerson
objectClass: person
objectClass: top
objectClass: pwmUser
memberof: cn= sagroup22,ou=groups,dc=hs-esslingen,dc=de
uid:  YYYYit00
cn:  YYYYit00

# Error: Already exists (68)
dn: cn=XXXXit00,ou=labor,ou=people,dc=hs-esslingen,dc=de
changetype: add
givenName: Not configured
sn: Not configured
userPassword: ezsiscool
mail: XXXXit00@hs-esslingen.de
objectClass: inetOrgPerson
objectClass: organizationalPerson
objectClass: person
objectClass: top
objectClass: pwmUser
memberof: cn= sagroup23,ou=groups,dc=hs-esslingen,dc=de
uid: XXXXit00
cn: XXXXit00

# Error: Already exists (68)
dn: cn= YYYYit00,ou=labor,ou=people,dc=hs-esslingen,dc=de
changetype: add
givenName: Not configured
sn: Not configured
userPassword: ezsiscool
mail:  YYYYit00@hs-esslingen.de
objectClass: inetOrgPerson
objectClass: organizationalPerson
objectClass: person
objectClass: top
objectClass: pwmUser
memberof: cn= sagroup23,ou=groups,dc=hs-esslingen,dc=de
uid:  YYYYit00
cn:  YYYYit00

# Error: Already exists (68)
dn: cn=XXXXit00,ou=labor,ou=people,dc=hs-esslingen,dc=de
changetype: add
givenName: Not configured
sn: Not configured
userPassword: ezsiscool
mail: XXXXit00@hs-esslingen.de
objectClass: inetOrgPerson
objectClass: organizationalPerson
objectClass: person
objectClass: top
objectClass: pwmUser
memberof: cn= sagroup24,ou=groups,dc=hs-esslingen,dc=de
uid: XXXXit00
cn: XXXXit00

# Error: Already exists (68)
dn: cn= YYYYit00,ou=labor,ou=people,dc=hs-esslingen,dc=de
changetype: add
givenName: Not configured
sn: Not configured
userPassword: ezsiscool
mail:  YYYYit00@hs-esslingen.de
objectClass: inetOrgPerson
objectClass: organizationalPerson
objectClass: person
objectClass: top
objectClass: pwmUser
memberof: cn= sagroup24,ou=groups,dc=hs-esslingen,dc=de
uid:  YYYYit00
cn:  YYYYit00

# Error: Already exists (68)
dn: cn=XXXXit00,ou=labor,ou=people,dc=hs-esslingen,dc=de
changetype: add
givenName: Not configured
sn: Not configured
userPassword: ezsiscool
mail: XXXXit00@hs-esslingen.de
objectClass: inetOrgPerson
objectClass: organizationalPerson
objectClass: person
objectClass: top
objectClass: pwmUser
memberof: cn= sagroup25,ou=groups,dc=hs-esslingen,dc=de
uid: XXXXit00
cn: XXXXit00

# Error: Already exists (68)
dn: cn= YYYYit00,ou=labor,ou=people,dc=hs-esslingen,dc=de
changetype: add
givenName: Not configured
sn: Not configured
userPassword: ezsiscool
mail:  YYYYit00@hs-esslingen.de
objectClass: inetOrgPerson
objectClass: organizationalPerson
objectClass: person
objectClass: top
objectClass: pwmUser
memberof: cn= sagroup25,ou=groups,dc=hs-esslingen,dc=de
uid:  YYYYit00
cn:  YYYYit00

