Creating group ezsgroup1 and adding below members to the group
XXXXit00
YYYYit00
Creating group ezsgroup2 and adding below members to the group
tomuit00
febiit00
Creating group ezsgroup3 and adding below members to the group
chhait07
jomait03
Creating group ezsgroup4 and adding below members to the group
wolait01
toscit07
Creating group ezsgroup5 and adding below members to the group
papait02
dahait05
Creating group ezsgroup6 and adding below members to the group
ropeme00
anvait00
Creating group ezsgroup7 and adding below members to the group
makait10
roruit00
ciheit00
Creating group ezsgroup8 and adding below members to the group
ullait00
frbait02
lugait00
Creating group ezsgroup9 and adding below members to the group
pamuit01
jumait03
Creating group ezsgroup10 and adding below members to the group
singit00
ondeit00
hiasit00
Creating group ezsgroup11 and adding below members to the group
clboit00
almait05
Creating group ezsgroup12 and adding below members to the group
tojait02
reduit00
Creating group ezsgroup13 and adding below members to the group
alkait01
sekeit00
Creating group ezsgroup14 and adding below members to the group
XXXXit00
YYYYit00
Creating group ezsgroup15 and adding below members to the group
XXXXit00
YYYYit00
Creating group ezsgroup16 and adding below members to the group
XXXXit00
YYYYit00
Creating group ezsgroup17 and adding below members to the group
XXXXit00
YYYYit00
Creating group ezsgroup18 and adding below members to the group
XXXXit00
YYYYit00
Creating group ezsgroup19 and adding below members to the group
XXXXit00
YYYYit00
Creating group ezsgroup20 and adding below members to the group
XXXXit00
YYYYit00
Creating group ezsgroup21 and adding below members to the group
XXXXit00
YYYYit00
Creating group ezsgroup22 and adding below members to the group
XXXXit00
YYYYit00
Creating group ezsgroup23 and adding below members to the group
XXXXit00
YYYYit00
Creating group ezsgroup24 and adding below members to the group
XXXXit00
YYYYit00
Creating group ezsgroup25 and adding below members to the group
XXXXit00
YYYYit00
Creating group sagroup1 and adding below members to the group
XXXXit00
YYYYit00
Creating group sagroup2 and adding below members to the group
tomuit00
febiit00
Creating group sagroup3 and adding below members to the group
chhait07
jomait03
Creating group sagroup4 and adding below members to the group
wolait01
toscit07
Creating group sagroup5 and adding below members to the group
papait02
dahait05
Creating group sagroup6 and adding below members to the group
ropeme00
Creating group sagroup7 and adding below members to the group
makait10
roruit00
ciheit00
Creating group sagroup8 and adding below members to the group
ullait00
frbait02
jumait03
Creating group sagroup9 and adding below members to the group
pamuit01
Creating group sagroup10 and adding below members to the group
singit00
ondeit00
hiasit00
Creating group sagroup11 and adding below members to the group
clboit00
almait05
Creating group sagroup12 and adding below members to the group
tojait02
reduit00
Creating group sagroup13 and adding below members to the group
flstit01
hayait01
Creating group sagroup14 and adding below members to the group
XXXXit00
YYYYit00
Creating group sagroup15 and adding below members to the group
XXXXit00
YYYYit00
Creating group sagroup16 and adding below members to the group
XXXXit00
YYYYit00
Creating group sagroup17 and adding below members to the group
XXXXit00
YYYYit00
Creating group sagroup18 and adding below members to the group
XXXXit00
YYYYit00
Creating group sagroup19 and adding below members to the group
XXXXit00
YYYYit00
Creating group sagroup20 and adding below members to the group
XXXXit00
YYYYit00
Creating group sagroup21 and adding below members to the group
XXXXit00
YYYYit00
Creating group sagroup22 and adding below members to the group
XXXXit00
YYYYit00
Creating group sagroup23 and adding below members to the group
XXXXit00
YYYYit00
Creating group sagroup24 and adding below members to the group
XXXXit00
YYYYit00
Creating group sagroup25 and adding below members to the group
XXXXit00
YYYYit00
